d:\documents\compiler construction\typedcygni\cygni\build\cygni.dir\debug\vc141.pdb
d:\documents\compiler construction\typedcygni\cygni\build\cygni.dir\debug\utility.obj
d:\documents\compiler construction\typedcygni\cygni\build\cygni.dir\debug\token.obj
d:\documents\compiler construction\typedcygni\cygni\build\cygni.dir\debug\parser.obj
d:\documents\compiler construction\typedcygni\cygni\build\cygni.dir\debug\lexer.obj
d:\documents\compiler construction\typedcygni\cygni\build\cygni.dir\debug\expression.obj
d:\documents\compiler construction\typedcygni\cygni\build\cygni.dir\debug\enum.obj
d:\documents\compiler construction\typedcygni\cygni\build\cygni.dir\debug\main.obj
d:\documents\compiler construction\typedcygni\cygni\build\cygni.dir\debug\type.obj
d:\documents\compiler construction\typedcygni\cygni\build\cygni.dir\debug\scope.obj
d:\documents\compiler construction\typedcygni\cygni\build\cygni.dir\debug\visitor.obj
d:\documents\compiler construction\typedcygni\cygni\build\cmakefiles\generate.stamp
d:\documents\compiler construction\typedcygni\cygni\build\debug\cygni.pdb
d:\documents\compiler construction\typedcygni\cygni\build\cygni.dir\debug\cygni.tlog\cl.command.1.tlog
d:\documents\compiler construction\typedcygni\cygni\build\cygni.dir\debug\cygni.tlog\cl.read.1.tlog
d:\documents\compiler construction\typedcygni\cygni\build\cygni.dir\debug\cygni.tlog\cl.write.1.tlog
d:\documents\compiler construction\typedcygni\cygni\build\cygni.dir\debug\cygni.tlog\custombuild.command.1.tlog
d:\documents\compiler construction\typedcygni\cygni\build\cygni.dir\debug\cygni.tlog\custombuild.read.1.tlog
d:\documents\compiler construction\typedcygni\cygni\build\cygni.dir\debug\cygni.tlog\custombuild.write.1.tlog
d:\documents\compiler construction\typedcygni\cygni\build\cygni.dir\debug\cygni.tlog\link-cvtres.read.1.tlog
d:\documents\compiler construction\typedcygni\cygni\build\cygni.dir\debug\cygni.tlog\link-cvtres.write.1.tlog
d:\documents\compiler construction\typedcygni\cygni\build\cygni.dir\debug\cygni.tlog\link-rc.read.1.tlog
d:\documents\compiler construction\typedcygni\cygni\build\cygni.dir\debug\cygni.tlog\link-rc.write.1.tlog
d:\documents\compiler construction\typedcygni\cygni\build\cygni.dir\debug\cygni.tlog\link.22844-cvtres.read.1.tlog
d:\documents\compiler construction\typedcygni\cygni\build\cygni.dir\debug\cygni.tlog\link.22844-cvtres.write.1.tlog
d:\documents\compiler construction\typedcygni\cygni\build\cygni.dir\debug\cygni.tlog\link.22844-rc.read.1.tlog
d:\documents\compiler construction\typedcygni\cygni\build\cygni.dir\debug\cygni.tlog\link.22844-rc.write.1.tlog
d:\documents\compiler construction\typedcygni\cygni\build\cygni.dir\debug\cygni.tlog\link.22844.read.1.tlog
d:\documents\compiler construction\typedcygni\cygni\build\cygni.dir\debug\cygni.tlog\link.22844.write.1.tlog
d:\documents\compiler construction\typedcygni\cygni\build\cygni.dir\debug\cygni.tlog\link.command.1.tlog
d:\documents\compiler construction\typedcygni\cygni\build\cygni.dir\debug\cygni.tlog\link.read.1.tlog
d:\documents\compiler construction\typedcygni\cygni\build\cygni.dir\debug\cygni.tlog\link.write.1.tlog
