The system is: Windows - 10.0.18362 - AMD64
Compiling the CXX compiler identification source file "CMakeCXXCompilerId.cpp" succeeded.
Compiler: C:/Qt/Tools/mingw730_64/bin/g++.exe 
Build flags: 
Id flags:  

The output was:
0


Compilation of the CXX compiler identification source "CMakeCXXCompilerId.cpp" produced "a.exe"

The CXX compiler identification is GNU, found in "D:/Documents/Compiler Construction/TypedCygni/build-Cygni-Desktop_Qt_5_14_1_MinGW_64_bit-Debug/CMakeFiles/3.16.0/CompilerIdCXX/a.exe"

Determining if the CXX compiler works passed with the following output:
Change Dir: D:/Documents/Compiler Construction/TypedCygni/build-Cygni-Desktop_Qt_5_14_1_MinGW_64_bit-Debug/CMakeFiles/CMakeTmp

Run Build Command(s):C:/Qt/Tools/mingw730_64/bin/mingw32-make.exe cmTC_53050/fast && C:/Qt/Tools/mingw730_64/bin/mingw32-make.exe -f CMakeFiles\cmTC_53050.dir\build.make CMakeFiles/cmTC_53050.dir/build
mingw32-make.exe[1]: Entering directory 'D:/Documents/Compiler Construction/TypedCygni/build-Cygni-Desktop_Qt_5_14_1_MinGW_64_bit-Debug/CMakeFiles/CMakeTmp'
Building CXX object CMakeFiles/cmTC_53050.dir/testCXXCompiler.cxx.obj
C:\Qt\Tools\mingw730_64\bin\g++.exe     -o CMakeFiles\cmTC_53050.dir\testCXXCompiler.cxx.obj -c "D:\Documents\Compiler Construction\TypedCygni\build-Cygni-Desktop_Qt_5_14_1_MinGW_64_bit-Debug\CMakeFiles\CMakeTmp\testCXXCompiler.cxx"
Linking CXX executable cmTC_53050.exe
"C:\Program Files\CMake\bin\cmake.exe" -E cmake_link_script CMakeFiles\cmTC_53050.dir\link.txt --verbose=1
"C:\Program Files\CMake\bin\cmake.exe" -E remove -f CMakeFiles\cmTC_53050.dir/objects.a
C:\Qt\Tools\mingw730_64\bin\ar.exe cr CMakeFiles\cmTC_53050.dir/objects.a @CMakeFiles\cmTC_53050.dir\objects1.rsp
C:\Qt\Tools\mingw730_64\bin\g++.exe      -Wl,--whole-archive CMakeFiles\cmTC_53050.dir/objects.a -Wl,--no-whole-archive  -o cmTC_53050.exe -Wl,--out-implib,libcmTC_53050.dll.a -Wl,--major-image-version,0,--minor-image-version,0 @CMakeFiles\cmTC_53050.dir\linklibs.rsp
mingw32-make.exe[1]: Leaving directory 'D:/Documents/Compiler Construction/TypedCygni/build-Cygni-Desktop_Qt_5_14_1_MinGW_64_bit-Debug/CMakeFiles/CMakeTmp'



